<?xml version="1.0" encoding="UTF-8" ?>
<testsuite tests="4" failures="0" name="UnitTests.Rate_Test" time="5.906" errors="4" skipped="0">
  <properties>
[...]
</properties>
  <testcase classname="UnitTests.Rate_Test" name="testHPV" time="5.287">
    <error message="org.hibernate.Session.close()V" type="java.lang.NoSuchMethodError">java.lang.NoSuchMethodError: org.hibernate.Session.close()V
	at base.RateDAL.getRate(RateDAL.java:57)
	at ch.makery.address.model.Rate.getPayment(Rate.java:51)
	at UnitTests.Rate_Test.testHPV(Rate_Test.java:25)
	at sun.reflect.NativeMethodAccessorImpl.invoke0(Native Method)
	at sun.reflect.NativeMethodAccessorImpl.invoke(NativeMethodAccessorImpl.java:62)
	at sun.reflect.DelegatingMethodAccessorImpl.invoke(DelegatingMethodAccessorImpl.java:43)
	at java.lang.reflect.Method.invoke(Method.java:497)
	at org.junit.runners.model.FrameworkMethod$1.runReflectiveCall(FrameworkMethod.java:47)
	at org.junit.internal.runners.model.ReflectiveCallable.run(ReflectiveCallable.java:12)
	at org.junit.runners.model.FrameworkMethod.invokeExplosively(FrameworkMethod.java:44)
	at org.junit.internal.runners.statements.InvokeMethod.evaluate(InvokeMethod.java:17)
	at org.junit.runners.ParentRunner.runLeaf(ParentRunner.java:271)
	at org.junit.runners.BlockJUnit4ClassRunner.runChild(BlockJUnit4ClassRunner.java:70)
	at org.junit.runners.BlockJUnit4ClassRunner.runChild(BlockJUnit4ClassRunner.java:50)
	at org.junit.runners.ParentRunner$3.run(ParentRunner.java:238)
	at org.junit.runners.ParentRunner$1.schedule(ParentRunner.java:63)
	at org.junit.runners.ParentRunner.runChildren(ParentRunner.java:236)
	at org.junit.runners.ParentRunner.access$000(ParentRunner.java:53)
	at org.junit.runners.ParentRunner$2.evaluate(ParentRunner.java:229)
	at org.junit.runners.ParentRunner.run(ParentRunner.java:309)
	at org.apache.maven.surefire.junit4.JUnit4Provider.execute(JUnit4Provider.java:252)
	at org.apache.maven.surefire.junit4.JUnit4Provider.executeTestSet(JUnit4Provider.java:141)
	at org.apache.maven.surefire.junit4.JUnit4Provider.invoke(JUnit4Provider.java:112)
	at sun.reflect.NativeMethodAccessorImpl.invoke0(Native Method)
	at sun.reflect.NativeMethodAccessorImpl.invoke(NativeMethodAccessorImpl.java:62)
	at sun.reflect.DelegatingMethodAccessorImpl.invoke(DelegatingMethodAccessorImpl.java:43)
	at java.lang.reflect.Method.invoke(Method.java:497)
	at org.apache.maven.surefire.util.ReflectionUtils.invokeMethodWithArray(ReflectionUtils.java:189)
	at org.apache.maven.surefire.booter.ProviderFactory$ProviderProxy.invoke(ProviderFactory.java:165)
	at org.apache.maven.surefire.booter.ProviderFactory.invokeProvider(ProviderFactory.java:85)
	at org.apache.maven.surefire.booter.ForkedBooter.runSuitesInProcess(ForkedBooter.java:115)
	at org.apache.maven.surefire.booter.ForkedBooter.main(ForkedBooter.java:75)
</error>
    <system-out>14:28:01.570 [main] DEBUG org.jboss.logging - Logging Provider: org.jboss.logging.Slf4jLoggerProvider
14:28:01.619 [main] DEBUG org.hibernate.type.BasicTypeRegistry - Adding type registration boolean -&gt; org.hibernate.type.BooleanType@3a82f6ef
14:28:01.620 [main] DEBUG org.hibernate.type.BasicTypeRegistry - Adding type registration boolean -&gt; org.hibernate.type.BooleanType@3a82f6ef
14:28:01.620 [main] DEBUG org.hibernate.type.BasicTypeRegistry - Adding type registration java.lang.Boolean -&gt; org.hibernate.type.BooleanType@3a82f6ef
14:28:01.623 [main] DEBUG org.hibernate.type.BasicTypeRegistry - Adding type registration numeric_boolean -&gt; org.hibernate.type.NumericBooleanType@6d00a15d
14:28:01.628 [main] DEBUG org.hibernate.type.BasicTypeRegistry - Adding type registration true_false -&gt; org.hibernate.type.TrueFalseType@62ee68d8
14:28:01.629 [main] DEBUG org.hibernate.type.BasicTypeRegistry - Adding type registration yes_no -&gt; org.hibernate.type.YesNoType@4520ebad
14:28:01.634 [main] DEBUG org.hibernate.type.BasicTypeRegistry - Adding type registration byte -&gt; org.hibernate.type.ByteType@7c16905e
14:28:01.635 [main] DEBUG org.hibernate.type.BasicTypeRegistry - Adding type registration byte -&gt; org.hibernate.type.ByteType@7c16905e
14:28:01.635 [main] DEBUG org.hibernate.type.BasicTypeRegistry - Adding type registration java.lang.Byte -&gt; org.hibernate.type.ByteType@7c16905e
14:28:01.638 [main] DEBUG org.hibernate.type.BasicTypeRegistry - Adding type registration character -&gt; org.hibernate.type.CharacterType@28feb3fa
14:28:01.638 [main] DEBUG org.hibernate.type.BasicTypeRegistry - Adding type registration char -&gt; org.hibernate.type.CharacterType@28feb3fa
14:28:01.639 [main] DEBUG org.hibernate.type.BasicTypeRegistry - Adding type registration java.lang.Character -&gt; org.hibernate.type.CharacterType@28feb3fa
14:28:01.644 [main] DEBUG org.hibernate.type.BasicTypeRegistry - Adding type registration short -&gt; org.hibernate.type.ShortType@4cc0edeb
14:28:01.644 [main] DEBUG org.hibernate.type.BasicTypeRegistry - Adding type registration short -&gt; org.hibernate.type.ShortType@4cc0edeb
14:28:01.651 [main] DEBUG org.hibernate.type.BasicTypeRegistry - Adding type registration java.lang.Short -&gt; org.hibernate.type.ShortType@4cc0edeb
14:28:01.654 [main] DEBUG org.hibernate.type.BasicTypeRegistry - Adding type registration integer -&gt; org.hibernate.type.IntegerType@29ee9faa
14:28:01.654 [main] DEBUG org.hibernate.type.BasicTypeRegistry - Adding type registration int -&gt; org.hibernate.type.IntegerType@29ee9faa
14:28:01.655 [main] DEBUG org.hibernate.type.BasicTypeRegistry - Adding type registration java.lang.Integer -&gt; org.hibernate.type.IntegerType@29ee9faa
14:28:01.659 [main] DEBUG org.hibernate.type.BasicTypeRegistry - Adding type registration long -&gt; org.hibernate.type.LongType@4b9e13df
14:28:01.659 [main] DEBUG org.hibernate.type.BasicTypeRegistry - Adding type registration long -&gt; org.hibernate.type.LongType@4b9e13df
14:28:01.659 [main] DEBUG org.hibernate.type.BasicTypeRegistry - Adding type registration java.lang.Long -&gt; org.hibernate.type.LongType@4b9e13df
14:28:01.665 [main] DEBUG org.hibernate.type.BasicTypeRegistry - Adding type registration float -&gt; org.hibernate.type.FloatType@d8355a8
14:28:01.665 [main] DEBUG org.hibernate.type.BasicTypeRegistry - Adding type registration float -&gt; org.hibernate.type.FloatType@d8355a8
14:28:01.665 [main] DEBUG org.hibernate.type.BasicTypeRegistry - Adding type registration java.lang.Float -&gt; org.hibernate.type.FloatType@d8355a8
14:28:01.669 [main] DEBUG org.hibernate.type.BasicTypeRegistry - Adding type registration double -&gt; org.hibernate.type.DoubleType@29774679
14:28:01.669 [main] DEBUG org.hibernate.type.BasicTypeRegistry - Adding type registration double -&gt; org.hibernate.type.DoubleType@29774679
14:28:01.670 [main] DEBUG org.hibernate.type.BasicTypeRegistry - Adding type registration java.lang.Double -&gt; org.hibernate.type.DoubleType@29774679
14:28:01.675 [main] DEBUG org.hibernate.type.BasicTypeRegistry - Adding type registration big_decimal -&gt; org.hibernate.type.BigDecimalType@6f7fd0e6
14:28:01.675 [main] DEBUG org.hibernate.type.BasicTypeRegistry - Adding type registration java.math.BigDecimal -&gt; org.hibernate.type.BigDecimalType@6f7fd0e6
14:28:01.679 [main] DEBUG org.hibernate.type.BasicTypeRegistry - Adding type registration big_integer -&gt; org.hibernate.type.BigIntegerType@1e88b3c
14:28:01.680 [main] DEBUG org.hibernate.type.BasicTypeRegistry - Adding type registration java.math.BigInteger -&gt; org.hibernate.type.BigIntegerType@1e88b3c
14:28:01.683 [main] DEBUG org.hibernate.type.BasicTypeRegistry - Adding type registration string -&gt; org.hibernate.type.StringType@5c3bd550
14:28:01.683 [main] DEBUG org.hibernate.type.BasicTypeRegistry - Adding type registration java.lang.String -&gt; org.hibernate.type.StringType@5c3bd550
14:28:01.686 [main] DEBUG org.hibernate.type.BasicTypeRegistry - Adding type registration nstring -&gt; org.hibernate.type.StringNVarcharType@6a41eaa2
14:28:01.688 [main] DEBUG org.hibernate.type.BasicTypeRegistry - Adding type registration ncharacter -&gt; org.hibernate.type.CharacterNCharType@4883b407
14:28:01.691 [main] DEBUG org.hibernate.type.BasicTypeRegistry - Adding type registration url -&gt; org.hibernate.type.UrlType@57baeedf
14:28:01.691 [main] DEBUG org.hibernate.type.BasicTypeRegistry - Adding type registration java.net.URL -&gt; org.hibernate.type.UrlType@57baeedf
14:28:01.697 [main] DEBUG org.hibernate.type.BasicTypeRegistry - Adding type registration date -&gt; org.hibernate.type.DateType@e25b2fe
14:28:01.697 [main] DEBUG org.hibernate.type.BasicTypeRegistry - Adding type registration java.sql.Date -&gt; org.hibernate.type.DateType@e25b2fe
14:28:01.702 [main] DEBUG org.hibernate.type.BasicTypeRegistry - Adding type registration time -&gt; org.hibernate.type.TimeType@13deb50e
14:28:01.702 [main] DEBUG org.hibernate.type.BasicTypeRegistry - Adding type registration java.sql.Time -&gt; org.hibernate.type.TimeType@13deb50e
14:28:01.708 [main] DEBUG org.hibernate.type.BasicTypeRegistry - Adding type registration timestamp -&gt; org.hibernate.type.TimestampType@14bf9759
14:28:01.708 [main] DEBUG org.hibernate.type.BasicTypeRegistry - Adding type registration java.sql.Timestamp -&gt; org.hibernate.type.TimestampType@14bf9759
14:28:01.709 [main] DEBUG org.hibernate.type.BasicTypeRegistry - Adding type registration java.util.Date -&gt; org.hibernate.type.TimestampType@14bf9759
14:28:01.716 [main] DEBUG org.hibernate.type.BasicTypeRegistry - Adding type registration dbtimestamp -&gt; org.hibernate.type.DbTimestampType@4f7d0008
14:28:01.719 [main] DEBUG org.hibernate.type.BasicTypeRegistry - Adding type registration calendar -&gt; org.hibernate.type.CalendarType@402a079c
14:28:01.720 [main] DEBUG org.hibernate.type.BasicTypeRegistry - Adding type registration java.util.Calendar -&gt; org.hibernate.type.CalendarType@402a079c
14:28:01.720 [main] DEBUG org.hibernate.type.BasicTypeRegistry - Adding type registration java.util.GregorianCalendar -&gt; org.hibernate.type.CalendarType@402a079c
14:28:01.722 [main] DEBUG org.hibernate.type.BasicTypeRegistry - Adding type registration calendar_date -&gt; org.hibernate.type.CalendarDateType@2f686d1f
14:28:01.725 [main] DEBUG org.hibernate.type.BasicTypeRegistry - Adding type registration locale -&gt; org.hibernate.type.LocaleType@5700d6b1
14:28:01.726 [main] DEBUG org.hibernate.type.BasicTypeRegistry - Adding type registration java.util.Locale -&gt; org.hibernate.type.LocaleType@5700d6b1
14:28:01.728 [main] DEBUG org.hibernate.type.BasicTypeRegistry - Adding type registration currency -&gt; org.hibernate.type.CurrencyType@31a5c39e
14:28:01.729 [main] DEBUG org.hibernate.type.BasicTypeRegistry - Adding type registration java.util.Currency -&gt; org.hibernate.type.CurrencyType@31a5c39e
14:28:01.732 [main] DEBUG org.hibernate.type.BasicTypeRegistry - Adding type registration timezone -&gt; org.hibernate.type.TimeZoneType@27c20538
14:28:01.732 [main] DEBUG org.hibernate.type.BasicTypeRegistry - Adding type registration java.util.TimeZone -&gt; org.hibernate.type.TimeZoneType@27c20538
14:28:01.735 [main] DEBUG org.hibernate.type.BasicTypeRegistry - Adding type registration class -&gt; org.hibernate.type.ClassType@5cb9f472
14:28:01.735 [main] DEBUG org.hibernate.type.BasicTypeRegistry - Adding type registration java.lang.Class -&gt; org.hibernate.type.ClassType@5cb9f472
14:28:01.739 [main] DEBUG org.hibernate.type.BasicTypeRegistry - Adding type registration uuid-binary -&gt; org.hibernate.type.UUIDBinaryType@69ea3742
14:28:01.740 [main] DEBUG org.hibernate.type.BasicTypeRegistry - Adding type registration java.util.UUID -&gt; org.hibernate.type.UUIDBinaryType@69ea3742
14:28:01.742 [main] DEBUG org.hibernate.type.BasicTypeRegistry - Adding type registration uuid-char -&gt; org.hibernate.type.UUIDCharType@73846619
14:28:01.744 [main] DEBUG org.hibernate.type.BasicTypeRegistry - Adding type registration pg-uuid -&gt; org.hibernate.type.PostgresUUIDType@2d928643
14:28:01.747 [main] DEBUG org.hibernate.type.BasicTypeRegistry - Adding type registration binary -&gt; org.hibernate.type.BinaryType@64bfbc86
14:28:01.748 [main] DEBUG org.hibernate.type.BasicTypeRegistry - Adding type registration byte[] -&gt; org.hibernate.type.BinaryType@64bfbc86
14:28:01.748 [main] DEBUG org.hibernate.type.BasicTypeRegistry - Adding type registration [B -&gt; org.hibernate.type.BinaryType@64bfbc86
14:28:01.751 [main] DEBUG org.hibernate.type.BasicTypeRegistry - Adding type registration wrapper-binary -&gt; org.hibernate.type.WrapperBinaryType@10bdf5e5
14:28:01.752 [main] DEBUG org.hibernate.type.BasicTypeRegistry - Adding type registration Byte[] -&gt; org.hibernate.type.WrapperBinaryType@10bdf5e5
14:28:01.752 [main] DEBUG org.hibernate.type.BasicTypeRegistry - Adding type registration [Ljava.lang.Byte; -&gt; org.hibernate.type.WrapperBinaryType@10bdf5e5
14:28:01.754 [main] DEBUG org.hibernate.type.BasicTypeRegistry - Adding type registration image -&gt; org.hibernate.type.ImageType@60c6f5b
14:28:01.757 [main] DEBUG org.hibernate.type.BasicTypeRegistry - Adding type registration characters -&gt; org.hibernate.type.CharArrayType@31610302
14:28:01.757 [main] DEBUG org.hibernate.type.BasicTypeRegistry - Adding type registration char[] -&gt; org.hibernate.type.CharArrayType@31610302
14:28:01.758 [main] DEBUG org.hibernate.type.BasicTypeRegistry - Adding type registration [C -&gt; org.hibernate.type.CharArrayType@31610302
14:28:01.761 [main] DEBUG org.hibernate.type.BasicTypeRegistry - Adding type registration wrapper-characters -&gt; org.hibernate.type.CharacterArrayType@4e1d422d
14:28:01.761 [main] DEBUG org.hibernate.type.BasicTypeRegistry - Adding type registration [Ljava.lang.Character; -&gt; org.hibernate.type.CharacterArrayType@4e1d422d
14:28:01.761 [main] DEBUG org.hibernate.type.BasicTypeRegistry - Adding type registration Character[] -&gt; org.hibernate.type.CharacterArrayType@4e1d422d
14:28:01.764 [main] DEBUG org.hibernate.type.BasicTypeRegistry - Adding type registration text -&gt; org.hibernate.type.TextType@5ec0a365
14:28:01.766 [main] DEBUG org.hibernate.type.BasicTypeRegistry - Adding type registration ntext -&gt; org.hibernate.type.NTextType@20398b7c
14:28:01.777 [main] DEBUG org.hibernate.type.BasicTypeRegistry - Adding type registration blob -&gt; org.hibernate.type.BlobType@6ddf90b0
14:28:01.777 [main] DEBUG org.hibernate.type.BasicTypeRegistry - Adding type registration java.sql.Blob -&gt; org.hibernate.type.BlobType@6ddf90b0
14:28:01.778 [main] DEBUG org.hibernate.type.BasicTypeRegistry - Adding type registration materialized_blob -&gt; org.hibernate.type.MaterializedBlobType@5a8e6209
14:28:01.788 [main] DEBUG org.hibernate.type.BasicTypeRegistry - Adding type registration clob -&gt; org.hibernate.type.ClobType@610694f1
14:28:01.789 [main] DEBUG org.hibernate.type.BasicTypeRegistry - Adding type registration java.sql.Clob -&gt; org.hibernate.type.ClobType@610694f1
14:28:01.797 [main] DEBUG org.hibernate.type.BasicTypeRegistry - Adding type registration nclob -&gt; org.hibernate.type.NClobType@4973813a
14:28:01.798 [main] DEBUG org.hibernate.type.BasicTypeRegistry - Adding type registration java.sql.NClob -&gt; org.hibernate.type.NClobType@4973813a
14:28:01.799 [main] DEBUG org.hibernate.type.BasicTypeRegistry - Adding type registration materialized_clob -&gt; org.hibernate.type.MaterializedClobType@22a67b4
14:28:01.801 [main] DEBUG org.hibernate.type.BasicTypeRegistry - Adding type registration materialized_nclob -&gt; org.hibernate.type.MaterializedNClobType@3224f60b
14:28:01.804 [main] DEBUG org.hibernate.type.BasicTypeRegistry - Adding type registration serializable -&gt; org.hibernate.type.SerializableType@a7e666
14:28:01.811 [main] DEBUG org.hibernate.type.BasicTypeRegistry - Adding type registration object -&gt; org.hibernate.type.ObjectType@2a17b7b6
14:28:01.812 [main] DEBUG org.hibernate.type.BasicTypeRegistry - Adding type registration java.lang.Object -&gt; org.hibernate.type.ObjectType@2a17b7b6
14:28:01.814 [main] DEBUG org.hibernate.type.BasicTypeRegistry - Adding type registration imm_date -&gt; org.hibernate.type.AdaptedImmutableType@76707e36
14:28:01.815 [main] DEBUG org.hibernate.type.BasicTypeRegistry - Adding type registration imm_time -&gt; org.hibernate.type.AdaptedImmutableType@614ddd49
14:28:01.815 [main] DEBUG org.hibernate.type.BasicTypeRegistry - Adding type registration imm_timestamp -&gt; org.hibernate.type.AdaptedImmutableType@1f554b06
14:28:01.815 [main] DEBUG org.hibernate.type.BasicTypeRegistry - Adding type registration imm_dbtimestamp -&gt; org.hibernate.type.AdaptedImmutableType@694e1548
14:28:01.816 [main] DEBUG org.hibernate.type.BasicTypeRegistry - Adding type registration imm_calendar -&gt; org.hibernate.type.AdaptedImmutableType@1c3a4799
14:28:01.816 [main] DEBUG org.hibernate.type.BasicTypeRegistry - Adding type registration imm_calendar_date -&gt; org.hibernate.type.AdaptedImmutableType@131276c2
14:28:01.816 [main] DEBUG org.hibernate.type.BasicTypeRegistry - Adding type registration imm_binary -&gt; org.hibernate.type.AdaptedImmutableType@26aa12dd
14:28:01.817 [main] DEBUG org.hibernate.type.BasicTypeRegistry - Adding type registration imm_serializable -&gt; org.hibernate.type.AdaptedImmutableType@3fd7a715
14:28:01.864 [main] INFO  o.h.annotations.common.Version - HCANN000001: Hibernate Commons Annotations {4.0.1.Final}
14:28:01.882 [main] INFO  org.hibernate.Version - HHH000412: Hibernate Core {4.2.1.Final}
14:28:01.886 [main] INFO  org.hibernate.cfg.Environment - HHH000206: hibernate.properties not found
14:28:01.895 [main] INFO  org.hibernate.cfg.Environment - HHH000021: Bytecode provider name : javassist
14:28:01.941 [main] DEBUG o.h.i.f.i.DefaultIdentifierGeneratorFactory - Registering IdentifierGenerator strategy [uuid2] -&gt; [org.hibernate.id.UUIDGenerator]
14:28:01.942 [main] DEBUG o.h.i.f.i.DefaultIdentifierGeneratorFactory - Registering IdentifierGenerator strategy [guid] -&gt; [org.hibernate.id.GUIDGenerator]
14:28:01.944 [main] DEBUG o.h.i.f.i.DefaultIdentifierGeneratorFactory - Registering IdentifierGenerator strategy [uuid] -&gt; [org.hibernate.id.UUIDHexGenerator]
14:28:01.945 [main] DEBUG o.h.i.f.i.DefaultIdentifierGeneratorFactory - Registering IdentifierGenerator strategy [uuid.hex] -&gt; [org.hibernate.id.UUIDHexGenerator]
14:28:01.947 [main] DEBUG o.h.i.f.i.DefaultIdentifierGeneratorFactory - Registering IdentifierGenerator strategy [hilo] -&gt; [org.hibernate.id.TableHiLoGenerator]
14:28:01.949 [main] DEBUG o.h.i.f.i.DefaultIdentifierGeneratorFactory - Registering IdentifierGenerator strategy [assigned] -&gt; [org.hibernate.id.Assigned]
14:28:01.952 [main] DEBUG o.h.i.f.i.DefaultIdentifierGeneratorFactory - Registering IdentifierGenerator strategy [identity] -&gt; [org.hibernate.id.IdentityGenerator]
14:28:01.953 [main] DEBUG o.h.i.f.i.DefaultIdentifierGeneratorFactory - Registering IdentifierGenerator strategy [select] -&gt; [org.hibernate.id.SelectGenerator]
14:28:01.954 [main] DEBUG o.h.i.f.i.DefaultIdentifierGeneratorFactory - Registering IdentifierGenerator strategy [sequence] -&gt; [org.hibernate.id.SequenceGenerator]
14:28:01.955 [main] DEBUG o.h.i.f.i.DefaultIdentifierGeneratorFactory - Registering IdentifierGenerator strategy [seqhilo] -&gt; [org.hibernate.id.SequenceHiLoGenerator]
14:28:01.957 [main] DEBUG o.h.i.f.i.DefaultIdentifierGeneratorFactory - Registering IdentifierGenerator strategy [increment] -&gt; [org.hibernate.id.IncrementGenerator]
14:28:01.958 [main] DEBUG o.h.i.f.i.DefaultIdentifierGeneratorFactory - Registering IdentifierGenerator strategy [foreign] -&gt; [org.hibernate.id.ForeignGenerator]
14:28:01.959 [main] DEBUG o.h.i.f.i.DefaultIdentifierGeneratorFactory - Registering IdentifierGenerator strategy [sequence-identity] -&gt; [org.hibernate.id.SequenceIdentityGenerator]
14:28:01.961 [main] DEBUG o.h.i.f.i.DefaultIdentifierGeneratorFactory - Registering IdentifierGenerator strategy [enhanced-sequence] -&gt; [org.hibernate.id.enhanced.SequenceStyleGenerator]
14:28:01.963 [main] DEBUG o.h.i.f.i.DefaultIdentifierGeneratorFactory - Registering IdentifierGenerator strategy [enhanced-table] -&gt; [org.hibernate.id.enhanced.TableGenerator]
14:28:01.968 [main] INFO  org.hibernate.cfg.Configuration - HHH000043: Configuring from resource: /hibernate.cfg.xml
14:28:01.969 [main] INFO  org.hibernate.cfg.Configuration - HHH000040: Configuration resource: /hibernate.cfg.xml
14:28:02.100 [main] DEBUG o.h.i.util.xml.DTDEntityResolver - Trying to resolve system-id [http://www.hibernate.org/dtd/hibernate-configuration-3.0.dtd]
14:28:02.100 [main] DEBUG o.h.i.util.xml.DTDEntityResolver - Recognized hibernate namespace; attempting to resolve on classpath under org/hibernate/
14:28:02.101 [main] DEBUG o.h.i.util.xml.DTDEntityResolver - Located [http://www.hibernate.org/dtd/hibernate-configuration-3.0.dtd] in classpath
14:28:02.157 [main] DEBUG org.hibernate.cfg.Configuration - hibernate.dialect=org.hibernate.dialect.Oracle10gDialect
14:28:02.157 [main] DEBUG org.hibernate.cfg.Configuration - hibernate.default_schema=HAKEC
14:28:02.157 [main] DEBUG org.hibernate.cfg.Configuration - hibernate.connection.username=HAKEC
14:28:02.158 [main] DEBUG org.hibernate.cfg.Configuration - hibernate.connection.password=C36Prospect
14:28:02.158 [main] DEBUG org.hibernate.cfg.Configuration - hibernate.connection.url=jdbc:oracle:thin:@cisc181.ci3wacsy5j84.us-east-1.rds.amazonaws.com:1521:ORCL
14:28:02.159 [main] DEBUG org.hibernate.cfg.Configuration - show_sql=true
14:28:02.159 [main] DEBUG org.hibernate.cfg.Configuration - format_sql=true
14:28:02.160 [main] DEBUG org.hibernate.cfg.Configuration - hibernate.hbm2ddl.auto=update
14:28:02.160 [main] DEBUG org.hibernate.cfg.Configuration - Session-factory config [null] named resource [mapping/Rate.hbm.xml] for mapping
14:28:02.161 [main] INFO  org.hibernate.cfg.Configuration - HHH000221: Reading mappings from resource: mapping/Rate.hbm.xml
14:28:02.300 [main] DEBUG o.h.i.util.xml.DTDEntityResolver - Trying to resolve system-id [http://hibernate.sourceforge.net/hibernate-mapping-3.0.dtd]
14:28:02.301 [main] WARN  o.h.i.util.xml.DTDEntityResolver - HHH000223: Recognized obsolete hibernate namespace http://hibernate.sourceforge.net/. Use namespace http://www.hibernate.org/dtd/ instead. Refer to Hibernate 3.6 Migration Guide!
14:28:02.301 [main] DEBUG o.h.i.util.xml.DTDEntityResolver - Attempting to resolve on classpath under org/hibernate/
14:28:02.302 [main] DEBUG o.h.i.util.xml.DTDEntityResolver - Located [http://hibernate.sourceforge.net/hibernate-mapping-3.0.dtd] in classpath
14:28:02.366 [main] INFO  org.hibernate.cfg.Configuration - HHH000041: Configured SessionFactory: null
14:28:02.367 [main] DEBUG org.hibernate.cfg.Configuration - Properties: {hibernate.connection.password=C36Prospect, java.runtime.name=Java(TM) SE Runtime Environment, hibernate.default_schema=HAKEC, sun.boot.library.path=C:\Program Files\Java\jdk1.8.0_60\jre\bin, java.vm.version=25.60-b23, hibernate.connection.username=HAKEC, java.vm.vendor=Oracle Corporation, java.vendor.url=http://java.oracle.com/, path.separator=;, java.vm.name=Java HotSpot(TM) 64-Bit Server VM, file.encoding.pkg=sun.io, user.script=, user.country=US, sun.java.launcher=SUN_STANDARD, sun.os.patch.level=, java.vm.specification.name=Java Virtual Machine Specification, user.dir=C:\Users\Carso\git\final-coding\FirstBankMortgage_JavaFx, java.runtime.version=1.8.0_60-b27, java.awt.graphicsenv=sun.awt.Win32GraphicsEnvironment, basedir=C:\Users\Carso\git\final-coding\FirstBankMortgage_JavaFx, java.endorsed.dirs=C:\Program Files\Java\jdk1.8.0_60\jre\lib\endorsed, os.arch=amd64, surefire.real.class.path=C:\Users\Carso\git\final-coding\FirstBankMortgage_JavaFx\target\surefire\surefirebooter8641928247983774836.jar, java.io.tmpdir=C:\Users\Carso\AppData\Local\Temp\, line.separator=
, java.vm.specification.vendor=Oracle Corporation, user.variant=, os.name=Windows 10, sun.jnu.encoding=Cp1252, java.library.path=C:\Program Files\Java\jdk1.8.0_60\jre\bin;C:\Windows\Sun\Java\bin;C:\Windows\system32;C:\Windows;C:/Program Files/Java/jre1.8.0_66/bin/server;C:/Program Files/Java/jre1.8.0_66/bin;C:/Program Files/Java/jre1.8.0_66/lib/amd64;C:\ProgramData\Oracle\Java\javapath;C:\Windows\system32;C:\Windows;C:\Windows\System32\Wbem;C:\Windows\System32\WindowsPowerShell\v1.0\;C:\Program Files (x86)\Skype\Phone\;C:\Program Files (x86)\NVIDIA Corporation\PhysX\Common;C:\Program Files (x86)\Nmap;C:\Program Files\eclipse;;., surefire.test.class.path=C:\Users\Carso\git\final-coding\FirstBankMortgage_JavaFx\target\test-classes;C:\Users\Carso\git\final-coding\FirstBankMortgage_JavaFx\target\classes;C:\Users\Carso\.m2\repository\org\springframework\spring-context\3.2.3.RELEASE\spring-context-3.2.3.RELEASE.jar;C:\Users\Carso\.m2\repository\org\springframework\spring-aop\3.2.3.RELEASE\spring-aop-3.2.3.RELEASE.jar;C:\Users\Carso\.m2\repository\org\springframework\spring-beans\3.2.3.RELEASE\spring-beans-3.2.3.RELEASE.jar;C:\Users\Carso\.m2\repository\org\springframework\spring-core\3.2.3.RELEASE\spring-core-3.2.3.RELEASE.jar;C:\Users\Carso\.m2\repository\commons-logging\commons-logging\1.1.1\commons-logging-1.1.1.jar;C:\Users\Carso\.m2\repository\org\springframework\spring-expression\3.2.3.RELEASE\spring-expression-3.2.3.RELEASE.jar;C:\Users\Carso\.m2\repository\org\springframework\spring-tx\3.2.3.RELEASE\spring-tx-3.2.3.RELEASE.jar;C:\Users\Carso\.m2\repository\aopalliance\aopalliance\1.0\aopalliance-1.0.jar;C:\Users\Carso\.m2\repository\org\slf4j\slf4j-api\1.7.5\slf4j-api-1.7.5.jar;C:\Users\Carso\.m2\repository\ch\qos\logback\logback-classic\1.0.13\logback-classic-1.0.13.jar;C:\Users\Carso\.m2\repository\ch\qos\logback\logback-core\1.0.13\logback-core-1.0.13.jar;C:\Users\Carso\.m2\repository\org\hibernate\hibernate-entitymanager\4.2.1.Final\hibernate-entitymanager-4.2.1.Final.jar;C:\Users\Carso\.m2\repository\org\jboss\logging\jboss-logging\3.1.0.GA\jboss-logging-3.1.0.GA.jar;C:\Users\Carso\.m2\repository\org\hibernate\hibernate-core\4.2.1.Final\hibernate-core-4.2.1.Final.jar;C:\Users\Carso\.m2\repository\antlr\antlr\2.7.7\antlr-2.7.7.jar;C:\Users\Carso\.m2\repository\dom4j\dom4j\1.6.1\dom4j-1.6.1.jar;C:\Users\Carso\.m2\repository\org\jboss\spec\javax\transaction\jboss-transaction-api_1.1_spec\1.0.1.Final\jboss-transaction-api_1.1_spec-1.0.1.Final.jar;C:\Users\Carso\.m2\repository\org\hibernate\javax\persistence\hibernate-jpa-2.0-api\1.0.1.Final\hibernate-jpa-2.0-api-1.0.1.Final.jar;C:\Users\Carso\.m2\repository\org\javassist\javassist\3.15.0-GA\javassist-3.15.0-GA.jar;C:\Users\Carso\.m2\repository\org\hibernate\common\hibernate-commons-annotations\4.0.1.Final\hibernate-commons-annotations-4.0.1.Final.jar;C:\Users\Carso\.m2\repository\org\springframework\spring-test\3.2.3.RELEASE\spring-test-3.2.3.RELEASE.jar;C:\Users\Carso\.m2\repository\junit\junit\4.11\junit-4.11.jar;C:\Users\Carso\.m2\repository\org\hamcrest\hamcrest-core\1.3\hamcrest-core-1.3.jar;C:\Users\Carso\.m2\repository\org\springframework\samples\FirstBankMortgage_DAL\0.0.1-SNAPSHOT\FirstBankMortgage_DAL-0.0.1-SNAPSHOT.jar;C:\Users\Carso\.m2\repository\org\apache\poi\poi\3.9\poi-3.9.jar;C:\Users\Carso\.m2\repository\commons-codec\commons-codec\1.5\commons-codec-1.5.jar;C:\Users\Carso\.m2\repository\com\oracle\ojdbc6\11.2.0.3\ojdbc6-11.2.0.3.jar;, java.specification.name=Java Platform API Specification, java.class.version=52.0, sun.management.compiler=HotSpot 64-Bit Tiered Compilers, os.version=10.0, user.home=C:\Users\Carso, user.timezone=America/New_York, java.awt.printerjob=sun.awt.windows.WPrinterJob, file.encoding=Cp1252, java.specification.version=1.8, hibernate.format_sql=true, show_sql=true, java.class.path=C:\Users\Carso\git\final-coding\FirstBankMortgage_JavaFx\target\test-classes;C:\Users\Carso\git\final-coding\FirstBankMortgage_JavaFx\target\classes;C:\Users\Carso\.m2\repository\org\springframework\spring-context\3.2.3.RELEASE\spring-context-3.2.3.RELEASE.jar;C:\Users\Carso\.m2\repository\org\springframework\spring-aop\3.2.3.RELEASE\spring-aop-3.2.3.RELEASE.jar;C:\Users\Carso\.m2\repository\org\springframework\spring-beans\3.2.3.RELEASE\spring-beans-3.2.3.RELEASE.jar;C:\Users\Carso\.m2\repository\org\springframework\spring-core\3.2.3.RELEASE\spring-core-3.2.3.RELEASE.jar;C:\Users\Carso\.m2\repository\commons-logging\commons-logging\1.1.1\commons-logging-1.1.1.jar;C:\Users\Carso\.m2\repository\org\springframework\spring-expression\3.2.3.RELEASE\spring-expression-3.2.3.RELEASE.jar;C:\Users\Carso\.m2\repository\org\springframework\spring-tx\3.2.3.RELEASE\spring-tx-3.2.3.RELEASE.jar;C:\Users\Carso\.m2\repository\aopalliance\aopalliance\1.0\aopalliance-1.0.jar;C:\Users\Carso\.m2\repository\org\slf4j\slf4j-api\1.7.5\slf4j-api-1.7.5.jar;C:\Users\Carso\.m2\repository\ch\qos\logback\logback-classic\1.0.13\logback-classic-1.0.13.jar;C:\Users\Carso\.m2\repository\ch\qos\logback\logback-core\1.0.13\logback-core-1.0.13.jar;C:\Users\Carso\.m2\repository\org\hibernate\hibernate-entitymanager\4.2.1.Final\hibernate-entitymanager-4.2.1.Final.jar;C:\Users\Carso\.m2\repository\org\jboss\logging\jboss-logging\3.1.0.GA\jboss-logging-3.1.0.GA.jar;C:\Users\Carso\.m2\repository\org\hibernate\hibernate-core\4.2.1.Final\hibernate-core-4.2.1.Final.jar;C:\Users\Carso\.m2\repository\antlr\antlr\2.7.7\antlr-2.7.7.jar;C:\Users\Carso\.m2\repository\dom4j\dom4j\1.6.1\dom4j-1.6.1.jar;C:\Users\Carso\.m2\repository\org\jboss\spec\javax\transaction\jboss-transaction-api_1.1_spec\1.0.1.Final\jboss-transaction-api_1.1_spec-1.0.1.Final.jar;C:\Users\Carso\.m2\repository\org\hibernate\javax\persistence\hibernate-jpa-2.0-api\1.0.1.Final\hibernate-jpa-2.0-api-1.0.1.Final.jar;C:\Users\Carso\.m2\repository\org\javassist\javassist\3.15.0-GA\javassist-3.15.0-GA.jar;C:\Users\Carso\.m2\repository\org\hibernate\common\hibernate-commons-annotations\4.0.1.Final\hibernate-commons-annotations-4.0.1.Final.jar;C:\Users\Carso\.m2\repository\org\springframework\spring-test\3.2.3.RELEASE\spring-test-3.2.3.RELEASE.jar;C:\Users\Carso\.m2\repository\junit\junit\4.11\junit-4.11.jar;C:\Users\Carso\.m2\repository\org\hamcrest\hamcrest-core\1.3\hamcrest-core-1.3.jar;C:\Users\Carso\.m2\repository\org\springframework\samples\FirstBankMortgage_DAL\0.0.1-SNAPSHOT\FirstBankMortgage_DAL-0.0.1-SNAPSHOT.jar;C:\Users\Carso\.m2\repository\org\apache\poi\poi\3.9\poi-3.9.jar;C:\Users\Carso\.m2\repository\commons-codec\commons-codec\1.5\commons-codec-1.5.jar;C:\Users\Carso\.m2\repository\com\oracle\ojdbc6\11.2.0.3\ojdbc6-11.2.0.3.jar;, user.name=Carson, format_sql=true, hibernate.bytecode.use_reflection_optimizer=false, hibernate.show_sql=true, java.vm.specification.version=1.8, sun.java.command=C:\Users\Carso\git\final-coding\FirstBankMortgage_JavaFx\target\surefire\surefirebooter8641928247983774836.jar C:\Users\Carso\git\final-coding\FirstBankMortgage_JavaFx\target\surefire\surefire1133317703969066002tmp C:\Users\Carso\git\final-coding\FirstBankMortgage_JavaFx\target\surefire\surefire_01781411142580190406tmp, java.home=C:\Program Files\Java\jdk1.8.0_60\jre, sun.arch.data.model=64, hibernate.connection.url=jdbc:oracle:thin:@cisc181.ci3wacsy5j84.us-east-1.rds.amazonaws.com:1521:ORCL, hibernate.dialect=org.hibernate.dialect.Oracle10gDialect, user.language=en, java.specification.vendor=Oracle Corporation, awt.toolkit=sun.awt.windows.WToolkit, java.vm.info=mixed mode, java.version=1.8.0_60, java.ext.dirs=C:\Program Files\Java\jdk1.8.0_60\jre\lib\ext;C:\Windows\Sun\Java\lib\ext, sun.boot.class.path=C:\Program Files\Java\jdk1.8.0_60\jre\lib\resources.jar;C:\Program Files\Java\jdk1.8.0_60\jre\lib\rt.jar;C:\Program Files\Java\jdk1.8.0_60\jre\lib\sunrsasign.jar;C:\Program Files\Java\jdk1.8.0_60\jre\lib\jsse.jar;C:\Program Files\Java\jdk1.8.0_60\jre\lib\jce.jar;C:\Program Files\Java\jdk1.8.0_60\jre\lib\charsets.jar;C:\Program Files\Java\jdk1.8.0_60\jre\lib\jfr.jar;C:\Program Files\Java\jdk1.8.0_60\jre\classes, java.vendor=Oracle Corporation, localRepository=C:\Users\Carso\.m2\repository, file.separator=\, hibernate.hbm2ddl.auto=update, java.vendor.url.bug=http://bugreport.sun.com/bugreport/, sun.io.unicode.encoding=UnicodeLittle, sun.cpu.endian=little, sun.desktop=windows, sun.cpu.isalist=amd64}
14:28:02.392 [main] DEBUG o.h.i.internal.IntegratorServiceImpl - Adding Integrator [org.hibernate.cfg.beanvalidation.BeanValidationIntegrator].
14:28:02.463 [main] DEBUG org.hibernate.cfg.Configuration - Preparing to build session factory with filters : {}
14:28:02.520 [main] DEBUG org.hibernate.cfg.Configuration - Processing hbm.xml files
14:28:02.825 [main] DEBUG org.hibernate.cfg.HbmBinder - Mapping class: domain.RateDomainModel -&gt; tblrate
14:28:02.837 [main] DEBUG org.hibernate.cfg.HbmBinder - Mapped property: RateID -&gt; RateID
14:28:02.853 [main] DEBUG org.hibernate.cfg.HbmBinder - Mapped property: MinCreditScore -&gt; MinCreditScore
14:28:02.856 [main] DEBUG org.hibernate.cfg.HbmBinder - Mapped property: InterestRate -&gt; InterestRate
14:28:02.856 [main] DEBUG org.hibernate.cfg.Configuration - Process annotated classes
14:28:02.859 [main] DEBUG org.hibernate.cfg.Configuration - Processing fk mappings (*ToOne and JoinedSubclass)
14:28:02.861 [main] DEBUG org.hibernate.cfg.Configuration - Processing extends queue
14:28:02.861 [main] DEBUG org.hibernate.cfg.Configuration - Processing extends queue
14:28:02.861 [main] DEBUG org.hibernate.cfg.Configuration - Processing collection mappings
14:28:02.861 [main] DEBUG org.hibernate.cfg.Configuration - Processing native query and ResultSetMapping mappings
14:28:02.862 [main] DEBUG org.hibernate.cfg.Configuration - Processing association property references
14:28:02.862 [main] DEBUG org.hibernate.cfg.Configuration - Creating tables&apos; unique integer identifiers
14:28:02.862 [main] DEBUG org.hibernate.cfg.Configuration - Processing foreign key constraints
14:28:02.889 [main] INFO  o.h.s.j.c.i.DriverManagerConnectionProviderImpl - HHH000402: Using Hibernate built-in connection pool (not for production use!)
14:28:02.890 [main] WARN  o.h.s.j.c.i.DriverManagerConnectionProviderImpl - HHH000148: No JDBC Driver class was specified by property hibernate.connection.driver_class
14:28:02.890 [main] INFO  o.h.s.j.c.i.DriverManagerConnectionProviderImpl - HHH000115: Hibernate connection pool size: 20
14:28:02.890 [main] INFO  o.h.s.j.c.i.DriverManagerConnectionProviderImpl - HHH000006: Autocommit mode: false
14:28:02.891 [main] INFO  o.h.s.j.c.i.DriverManagerConnectionProviderImpl - HHH000401: using driver [null] at URL [jdbc:oracle:thin:@cisc181.ci3wacsy5j84.us-east-1.rds.amazonaws.com:1521:ORCL]
14:28:02.891 [main] INFO  o.h.s.j.c.i.DriverManagerConnectionProviderImpl - HHH000046: Connection properties: {user=HAKEC, password=C36Prospect}
14:28:02.932 [main] DEBUG o.h.s.j.c.i.DriverManagerConnectionProviderImpl - Opening new JDBC connection
14:28:03.786 [main] DEBUG o.h.s.j.c.i.DriverManagerConnectionProviderImpl - Created connection to: jdbc:oracle:thin:@cisc181.ci3wacsy5j84.us-east-1.rds.amazonaws.com:1521:ORCL, Isolation Level: 2
14:28:03.787 [main] DEBUG o.h.e.jdbc.internal.JdbcServicesImpl - Database -&gt;
       name : Oracle
    version : Oracle Database 11g Release 11.2.0.4.0 - 64bit Production
      major : 11
      minor : 2
14:28:03.787 [main] DEBUG o.h.e.jdbc.internal.JdbcServicesImpl - Driver -&gt;
       name : Oracle JDBC driver
    version : 11.2.0.3.0
      major : 11
      minor : 2
14:28:03.788 [main] DEBUG o.h.e.jdbc.internal.JdbcServicesImpl - JDBC version : 11.2
14:28:04.059 [main] INFO  org.hibernate.dialect.Dialect - HHH000400: Using dialect: org.hibernate.dialect.Oracle10gDialect
14:28:04.145 [main] DEBUG org.hibernate.cfg.SettingsFactory - Automatic flush during beforeCompletion(): disabled
14:28:04.146 [main] DEBUG org.hibernate.cfg.SettingsFactory - Automatic session close at end of transaction: disabled
14:28:04.146 [main] DEBUG org.hibernate.cfg.SettingsFactory - JDBC batch size: 15
14:28:04.147 [main] DEBUG org.hibernate.cfg.SettingsFactory - JDBC batch updates for versioned data: disabled
14:28:04.147 [main] DEBUG org.hibernate.cfg.SettingsFactory - Scrollable result sets: enabled
14:28:04.147 [main] DEBUG org.hibernate.cfg.SettingsFactory - Wrap result sets: disabled
14:28:04.147 [main] DEBUG org.hibernate.cfg.SettingsFactory - JDBC3 getGeneratedKeys(): disabled
14:28:04.147 [main] DEBUG org.hibernate.cfg.SettingsFactory - multi-tenancy strategy : NONE
14:28:04.148 [main] DEBUG org.hibernate.cfg.SettingsFactory - Connection release mode: auto
14:28:04.148 [main] INFO  o.h.e.t.i.TransactionFactoryInitiator - HHH000399: Using default transaction strategy (direct JDBC transactions)
14:28:04.156 [main] DEBUG org.hibernate.cfg.SettingsFactory - Using BatchFetchStyle : LEGACY
14:28:04.156 [main] DEBUG org.hibernate.cfg.SettingsFactory - Default schema: HAKEC
14:28:04.156 [main] DEBUG org.hibernate.cfg.SettingsFactory - Default batch fetch size: 1
14:28:04.156 [main] DEBUG org.hibernate.cfg.SettingsFactory - Generate SQL with comments: disabled
14:28:04.157 [main] DEBUG org.hibernate.cfg.SettingsFactory - Order SQL updates by primary key: disabled
14:28:04.157 [main] DEBUG org.hibernate.cfg.SettingsFactory - Order SQL inserts for batching: disabled
14:28:04.157 [main] DEBUG org.hibernate.cfg.SettingsFactory - Default null ordering: none
14:28:04.158 [main] DEBUG org.hibernate.cfg.SettingsFactory - Query translator: org.hibernate.hql.internal.ast.ASTQueryTranslatorFactory
14:28:04.163 [main] INFO  o.h.h.i.a.ASTQueryTranslatorFactory - HHH000397: Using ASTQueryTranslatorFactory
14:28:04.164 [main] DEBUG org.hibernate.cfg.SettingsFactory - Query language substitutions: {}
14:28:04.165 [main] DEBUG org.hibernate.cfg.SettingsFactory - JPA-QL strict compliance: disabled
14:28:04.165 [main] DEBUG org.hibernate.cfg.SettingsFactory - Second-level cache: enabled
14:28:04.165 [main] DEBUG org.hibernate.cfg.SettingsFactory - Query cache: disabled
14:28:04.166 [main] DEBUG org.hibernate.cfg.SettingsFactory - Cache region factory : org.hibernate.cache.internal.NoCachingRegionFactory
14:28:04.168 [main] DEBUG org.hibernate.cfg.SettingsFactory - org.hibernate.cache.internal.NoCachingRegionFactory did not provide constructor accepting java.util.Properties; attempting no-arg constructor.
14:28:04.168 [main] DEBUG org.hibernate.cfg.SettingsFactory - Optimize cache for minimal puts: disabled
14:28:04.169 [main] DEBUG org.hibernate.cfg.SettingsFactory - Structured second-level cache entries: disabled
14:28:04.169 [main] DEBUG org.hibernate.cfg.SettingsFactory - Second-level cache direct-reference entries: disabled
14:28:04.169 [main] DEBUG org.hibernate.cfg.SettingsFactory - Statistics: disabled
14:28:04.169 [main] DEBUG org.hibernate.cfg.SettingsFactory - Deleted entity synthetic identifier rollback: disabled
14:28:04.170 [main] DEBUG org.hibernate.cfg.SettingsFactory - Default entity-mode: pojo
14:28:04.170 [main] DEBUG org.hibernate.cfg.SettingsFactory - Named query checking : enabled
14:28:04.170 [main] DEBUG org.hibernate.cfg.SettingsFactory - Check Nullability in Core (should be disabled when Bean Validation is on): enabled
14:28:04.170 [main] DEBUG org.hibernate.cfg.SettingsFactory - Allow initialization of lazy state outside session : : disabled
14:28:04.171 [main] DEBUG org.hibernate.cfg.SettingsFactory - JTA Track by Thread: enabled
14:28:04.199 [main] DEBUG o.h.internal.SessionFactoryImpl - Building session factory
14:28:04.222 [main] DEBUG o.h.internal.SessionFactoryImpl - Session factory constructed with filter configurations : {}
14:28:04.222 [main] DEBUG o.h.internal.SessionFactoryImpl - Instantiating session factory with properties: {java.runtime.name=Java(TM) SE Runtime Environment, hibernate.connection.password=C36Prospect, sun.boot.library.path=C:\Program Files\Java\jdk1.8.0_60\jre\bin, hibernate.default_schema=HAKEC, java.vm.version=25.60-b23, hibernate.connection.username=HAKEC, java.vm.vendor=Oracle Corporation, java.vendor.url=http://java.oracle.com/, path.separator=;, java.vm.name=Java HotSpot(TM) 64-Bit Server VM, file.encoding.pkg=sun.io, user.script=, user.country=US, sun.java.launcher=SUN_STANDARD, sun.os.patch.level=, java.vm.specification.name=Java Virtual Machine Specification, user.dir=C:\Users\Carso\git\final-coding\FirstBankMortgage_JavaFx, java.runtime.version=1.8.0_60-b27, java.awt.graphicsenv=sun.awt.Win32GraphicsEnvironment, basedir=C:\Users\Carso\git\final-coding\FirstBankMortgage_JavaFx, java.endorsed.dirs=C:\Program Files\Java\jdk1.8.0_60\jre\lib\endorsed, os.arch=amd64, surefire.real.class.path=C:\Users\Carso\git\final-coding\FirstBankMortgage_JavaFx\target\surefire\surefirebooter8641928247983774836.jar, java.io.tmpdir=C:\Users\Carso\AppData\Local\Temp\, line.separator=
, java.vm.specification.vendor=Oracle Corporation, user.variant=, os.name=Windows 10, sun.jnu.encoding=Cp1252, java.library.path=C:\Program Files\Java\jdk1.8.0_60\jre\bin;C:\Windows\Sun\Java\bin;C:\Windows\system32;C:\Windows;C:/Program Files/Java/jre1.8.0_66/bin/server;C:/Program Files/Java/jre1.8.0_66/bin;C:/Program Files/Java/jre1.8.0_66/lib/amd64;C:\ProgramData\Oracle\Java\javapath;C:\Windows\system32;C:\Windows;C:\Windows\System32\Wbem;C:\Windows\System32\WindowsPowerShell\v1.0\;C:\Program Files (x86)\Skype\Phone\;C:\Program Files (x86)\NVIDIA Corporation\PhysX\Common;C:\Program Files (x86)\Nmap;C:\Program Files\eclipse;;., surefire.test.class.path=C:\Users\Carso\git\final-coding\FirstBankMortgage_JavaFx\target\test-classes;C:\Users\Carso\git\final-coding\FirstBankMortgage_JavaFx\target\classes;C:\Users\Carso\.m2\repository\org\springframework\spring-context\3.2.3.RELEASE\spring-context-3.2.3.RELEASE.jar;C:\Users\Carso\.m2\repository\org\springframework\spring-aop\3.2.3.RELEASE\spring-aop-3.2.3.RELEASE.jar;C:\Users\Carso\.m2\repository\org\springframework\spring-beans\3.2.3.RELEASE\spring-beans-3.2.3.RELEASE.jar;C:\Users\Carso\.m2\repository\org\springframework\spring-core\3.2.3.RELEASE\spring-core-3.2.3.RELEASE.jar;C:\Users\Carso\.m2\repository\commons-logging\commons-logging\1.1.1\commons-logging-1.1.1.jar;C:\Users\Carso\.m2\repository\org\springframework\spring-expression\3.2.3.RELEASE\spring-expression-3.2.3.RELEASE.jar;C:\Users\Carso\.m2\repository\org\springframework\spring-tx\3.2.3.RELEASE\spring-tx-3.2.3.RELEASE.jar;C:\Users\Carso\.m2\repository\aopalliance\aopalliance\1.0\aopalliance-1.0.jar;C:\Users\Carso\.m2\repository\org\slf4j\slf4j-api\1.7.5\slf4j-api-1.7.5.jar;C:\Users\Carso\.m2\repository\ch\qos\logback\logback-classic\1.0.13\logback-classic-1.0.13.jar;C:\Users\Carso\.m2\repository\ch\qos\logback\logback-core\1.0.13\logback-core-1.0.13.jar;C:\Users\Carso\.m2\repository\org\hibernate\hibernate-entitymanager\4.2.1.Final\hibernate-entitymanager-4.2.1.Final.jar;C:\Users\Carso\.m2\repository\org\jboss\logging\jboss-logging\3.1.0.GA\jboss-logging-3.1.0.GA.jar;C:\Users\Carso\.m2\repository\org\hibernate\hibernate-core\4.2.1.Final\hibernate-core-4.2.1.Final.jar;C:\Users\Carso\.m2\repository\antlr\antlr\2.7.7\antlr-2.7.7.jar;C:\Users\Carso\.m2\repository\dom4j\dom4j\1.6.1\dom4j-1.6.1.jar;C:\Users\Carso\.m2\repository\org\jboss\spec\javax\transaction\jboss-transaction-api_1.1_spec\1.0.1.Final\jboss-transaction-api_1.1_spec-1.0.1.Final.jar;C:\Users\Carso\.m2\repository\org\hibernate\javax\persistence\hibernate-jpa-2.0-api\1.0.1.Final\hibernate-jpa-2.0-api-1.0.1.Final.jar;C:\Users\Carso\.m2\repository\org\javassist\javassist\3.15.0-GA\javassist-3.15.0-GA.jar;C:\Users\Carso\.m2\repository\org\hibernate\common\hibernate-commons-annotations\4.0.1.Final\hibernate-commons-annotations-4.0.1.Final.jar;C:\Users\Carso\.m2\repository\org\springframework\spring-test\3.2.3.RELEASE\spring-test-3.2.3.RELEASE.jar;C:\Users\Carso\.m2\repository\junit\junit\4.11\junit-4.11.jar;C:\Users\Carso\.m2\repository\org\hamcrest\hamcrest-core\1.3\hamcrest-core-1.3.jar;C:\Users\Carso\.m2\repository\org\springframework\samples\FirstBankMortgage_DAL\0.0.1-SNAPSHOT\FirstBankMortgage_DAL-0.0.1-SNAPSHOT.jar;C:\Users\Carso\.m2\repository\org\apache\poi\poi\3.9\poi-3.9.jar;C:\Users\Carso\.m2\repository\commons-codec\commons-codec\1.5\commons-codec-1.5.jar;C:\Users\Carso\.m2\repository\com\oracle\ojdbc6\11.2.0.3\ojdbc6-11.2.0.3.jar;, java.specification.name=Java Platform API Specification, java.class.version=52.0, sun.management.compiler=HotSpot 64-Bit Tiered Compilers, os.version=10.0, user.home=C:\Users\Carso, user.timezone=America/New_York, java.awt.printerjob=sun.awt.windows.WPrinterJob, java.specification.version=1.8, file.encoding=Cp1252, hibernate.format_sql=true, show_sql=true, user.name=Carson, java.class.path=C:\Users\Carso\git\final-coding\FirstBankMortgage_JavaFx\target\test-classes;C:\Users\Carso\git\final-coding\FirstBankMortgage_JavaFx\target\classes;C:\Users\Carso\.m2\repository\org\springframework\spring-context\3.2.3.RELEASE\spring-context-3.2.3.RELEASE.jar;C:\Users\Carso\.m2\repository\org\springframework\spring-aop\3.2.3.RELEASE\spring-aop-3.2.3.RELEASE.jar;C:\Users\Carso\.m2\repository\org\springframework\spring-beans\3.2.3.RELEASE\spring-beans-3.2.3.RELEASE.jar;C:\Users\Carso\.m2\repository\org\springframework\spring-core\3.2.3.RELEASE\spring-core-3.2.3.RELEASE.jar;C:\Users\Carso\.m2\repository\commons-logging\commons-logging\1.1.1\commons-logging-1.1.1.jar;C:\Users\Carso\.m2\repository\org\springframework\spring-expression\3.2.3.RELEASE\spring-expression-3.2.3.RELEASE.jar;C:\Users\Carso\.m2\repository\org\springframework\spring-tx\3.2.3.RELEASE\spring-tx-3.2.3.RELEASE.jar;C:\Users\Carso\.m2\repository\aopalliance\aopalliance\1.0\aopalliance-1.0.jar;C:\Users\Carso\.m2\repository\org\slf4j\slf4j-api\1.7.5\slf4j-api-1.7.5.jar;C:\Users\Carso\.m2\repository\ch\qos\logback\logback-classic\1.0.13\logback-classic-1.0.13.jar;C:\Users\Carso\.m2\repository\ch\qos\logback\logback-core\1.0.13\logback-core-1.0.13.jar;C:\Users\Carso\.m2\repository\org\hibernate\hibernate-entitymanager\4.2.1.Final\hibernate-entitymanager-4.2.1.Final.jar;C:\Users\Carso\.m2\repository\org\jboss\logging\jboss-logging\3.1.0.GA\jboss-logging-3.1.0.GA.jar;C:\Users\Carso\.m2\repository\org\hibernate\hibernate-core\4.2.1.Final\hibernate-core-4.2.1.Final.jar;C:\Users\Carso\.m2\repository\antlr\antlr\2.7.7\antlr-2.7.7.jar;C:\Users\Carso\.m2\repository\dom4j\dom4j\1.6.1\dom4j-1.6.1.jar;C:\Users\Carso\.m2\repository\org\jboss\spec\javax\transaction\jboss-transaction-api_1.1_spec\1.0.1.Final\jboss-transaction-api_1.1_spec-1.0.1.Final.jar;C:\Users\Carso\.m2\repository\org\hibernate\javax\persistence\hibernate-jpa-2.0-api\1.0.1.Final\hibernate-jpa-2.0-api-1.0.1.Final.jar;C:\Users\Carso\.m2\repository\org\javassist\javassist\3.15.0-GA\javassist-3.15.0-GA.jar;C:\Users\Carso\.m2\repository\org\hibernate\common\hibernate-commons-annotations\4.0.1.Final\hibernate-commons-annotations-4.0.1.Final.jar;C:\Users\Carso\.m2\repository\org\springframework\spring-test\3.2.3.RELEASE\spring-test-3.2.3.RELEASE.jar;C:\Users\Carso\.m2\repository\junit\junit\4.11\junit-4.11.jar;C:\Users\Carso\.m2\repository\org\hamcrest\hamcrest-core\1.3\hamcrest-core-1.3.jar;C:\Users\Carso\.m2\repository\org\springframework\samples\FirstBankMortgage_DAL\0.0.1-SNAPSHOT\FirstBankMortgage_DAL-0.0.1-SNAPSHOT.jar;C:\Users\Carso\.m2\repository\org\apache\poi\poi\3.9\poi-3.9.jar;C:\Users\Carso\.m2\repository\commons-codec\commons-codec\1.5\commons-codec-1.5.jar;C:\Users\Carso\.m2\repository\com\oracle\ojdbc6\11.2.0.3\ojdbc6-11.2.0.3.jar;, hibernate.bytecode.use_reflection_optimizer=false, format_sql=true, hibernate.show_sql=true, java.vm.specification.version=1.8, sun.arch.data.model=64, java.home=C:\Program Files\Java\jdk1.8.0_60\jre, sun.java.command=C:\Users\Carso\git\final-coding\FirstBankMortgage_JavaFx\target\surefire\surefirebooter8641928247983774836.jar C:\Users\Carso\git\final-coding\FirstBankMortgage_JavaFx\target\surefire\surefire1133317703969066002tmp C:\Users\Carso\git\final-coding\FirstBankMortgage_JavaFx\target\surefire\surefire_01781411142580190406tmp, hibernate.dialect=org.hibernate.dialect.Oracle10gDialect, hibernate.connection.url=jdbc:oracle:thin:@cisc181.ci3wacsy5j84.us-east-1.rds.amazonaws.com:1521:ORCL, java.specification.vendor=Oracle Corporation, user.language=en, awt.toolkit=sun.awt.windows.WToolkit, java.vm.info=mixed mode, java.version=1.8.0_60, java.ext.dirs=C:\Program Files\Java\jdk1.8.0_60\jre\lib\ext;C:\Windows\Sun\Java\lib\ext, sun.boot.class.path=C:\Program Files\Java\jdk1.8.0_60\jre\lib\resources.jar;C:\Program Files\Java\jdk1.8.0_60\jre\lib\rt.jar;C:\Program Files\Java\jdk1.8.0_60\jre\lib\sunrsasign.jar;C:\Program Files\Java\jdk1.8.0_60\jre\lib\jsse.jar;C:\Program Files\Java\jdk1.8.0_60\jre\lib\jce.jar;C:\Program Files\Java\jdk1.8.0_60\jre\lib\charsets.jar;C:\Program Files\Java\jdk1.8.0_60\jre\lib\jfr.jar;C:\Program Files\Java\jdk1.8.0_60\jre\classes, java.vendor=Oracle Corporation, localRepository=C:\Users\Carso\.m2\repository, file.separator=\, java.vendor.url.bug=http://bugreport.sun.com/bugreport/, hibernate.hbm2ddl.auto=update, sun.cpu.endian=little, sun.io.unicode.encoding=UnicodeLittle, sun.desktop=windows, sun.cpu.isalist=amd64}
14:28:04.265 [main] DEBUG o.h.i.f.i.DefaultIdentifierGeneratorFactory - Setting dialect [org.hibernate.dialect.Oracle10gDialect]
14:28:04.551 [main] DEBUG o.h.p.entity.AbstractEntityPersister - Static SQL for entity: domain.RateDomainModel
14:28:04.552 [main] DEBUG o.h.p.entity.AbstractEntityPersister -  Version select: select RateID from HAKEC.tblrate where RateID =?
14:28:04.552 [main] DEBUG o.h.p.entity.AbstractEntityPersister -  Snapshot select: select ratedomain_.RateID, ratedomain_.MinCreditScore as MinCredi2_0_, ratedomain_.InterestRate as Interest3_0_ from HAKEC.tblrate ratedomain_ where ratedomain_.RateID=?
14:28:04.553 [main] DEBUG o.h.p.entity.AbstractEntityPersister -  Insert 0: insert into HAKEC.tblrate (MinCreditScore, InterestRate, RateID) values (?, ?, ?)
14:28:04.553 [main] DEBUG o.h.p.entity.AbstractEntityPersister -  Update 0: update HAKEC.tblrate set MinCreditScore=?, InterestRate=? where RateID=?
14:28:04.553 [main] DEBUG o.h.p.entity.AbstractEntityPersister -  Delete 0: delete from HAKEC.tblrate where RateID=?
14:28:04.603 [main] DEBUG org.hibernate.loader.Loader - Static select for entity domain.RateDomainModel [NONE]: select ratedomain0_.RateID as RateID1_0_0_, ratedomain0_.MinCreditScore as MinCredi2_0_0_, ratedomain0_.InterestRate as Interest3_0_0_ from HAKEC.tblrate ratedomain0_ where ratedomain0_.RateID=?
14:28:04.603 [main] DEBUG org.hibernate.loader.Loader - Static select for entity domain.RateDomainModel [READ]: select ratedomain0_.RateID as RateID1_0_0_, ratedomain0_.MinCreditScore as MinCredi2_0_0_, ratedomain0_.InterestRate as Interest3_0_0_ from HAKEC.tblrate ratedomain0_ where ratedomain0_.RateID=?
14:28:04.604 [main] DEBUG org.hibernate.loader.Loader - Static select for entity domain.RateDomainModel [UPGRADE]: select ratedomain0_.RateID as RateID1_0_0_, ratedomain0_.MinCreditScore as MinCredi2_0_0_, ratedomain0_.InterestRate as Interest3_0_0_ from HAKEC.tblrate ratedomain0_ where ratedomain0_.RateID=? for update
14:28:04.605 [main] DEBUG org.hibernate.loader.Loader - Static select for entity domain.RateDomainModel [UPGRADE_NOWAIT]: select ratedomain0_.RateID as RateID1_0_0_, ratedomain0_.MinCreditScore as MinCredi2_0_0_, ratedomain0_.InterestRate as Interest3_0_0_ from HAKEC.tblrate ratedomain0_ where ratedomain0_.RateID=? for update nowait
14:28:04.605 [main] DEBUG org.hibernate.loader.Loader - Static select for entity domain.RateDomainModel [FORCE]: select ratedomain0_.RateID as RateID1_0_0_, ratedomain0_.MinCreditScore as MinCredi2_0_0_, ratedomain0_.InterestRate as Interest3_0_0_ from HAKEC.tblrate ratedomain0_ where ratedomain0_.RateID=? for update nowait
14:28:04.606 [main] DEBUG org.hibernate.loader.Loader - Static select for entity domain.RateDomainModel [PESSIMISTIC_READ]: select ratedomain0_.RateID as RateID1_0_0_, ratedomain0_.MinCreditScore as MinCredi2_0_0_, ratedomain0_.InterestRate as Interest3_0_0_ from HAKEC.tblrate ratedomain0_ where ratedomain0_.RateID=? for update
14:28:04.607 [main] DEBUG org.hibernate.loader.Loader - Static select for entity domain.RateDomainModel [PESSIMISTIC_WRITE]: select ratedomain0_.RateID as RateID1_0_0_, ratedomain0_.MinCreditScore as MinCredi2_0_0_, ratedomain0_.InterestRate as Interest3_0_0_ from HAKEC.tblrate ratedomain0_ where ratedomain0_.RateID=? for update
14:28:04.607 [main] DEBUG org.hibernate.loader.Loader - Static select for entity domain.RateDomainModel [PESSIMISTIC_FORCE_INCREMENT]: select ratedomain0_.RateID as RateID1_0_0_, ratedomain0_.MinCreditScore as MinCredi2_0_0_, ratedomain0_.InterestRate as Interest3_0_0_ from HAKEC.tblrate ratedomain0_ where ratedomain0_.RateID=? for update nowait
14:28:04.608 [main] DEBUG org.hibernate.loader.Loader - Static select for entity domain.RateDomainModel [OPTIMISTIC]: select ratedomain0_.RateID as RateID1_0_0_, ratedomain0_.MinCreditScore as MinCredi2_0_0_, ratedomain0_.InterestRate as Interest3_0_0_ from HAKEC.tblrate ratedomain0_ where ratedomain0_.RateID=?
14:28:04.609 [main] DEBUG org.hibernate.loader.Loader - Static select for entity domain.RateDomainModel [OPTIMISTIC_FORCE_INCREMENT]: select ratedomain0_.RateID as RateID1_0_0_, ratedomain0_.MinCreditScore as MinCredi2_0_0_, ratedomain0_.InterestRate as Interest3_0_0_ from HAKEC.tblrate ratedomain0_ where ratedomain0_.RateID=?
14:28:04.625 [main] DEBUG org.hibernate.loader.Loader - Static select for action ACTION_MERGE on entity domain.RateDomainModel: select ratedomain0_.RateID as RateID1_0_0_, ratedomain0_.MinCreditScore as MinCredi2_0_0_, ratedomain0_.InterestRate as Interest3_0_0_ from HAKEC.tblrate ratedomain0_ where ratedomain0_.RateID=?
14:28:04.626 [main] DEBUG org.hibernate.loader.Loader - Static select for action ACTION_REFRESH on entity domain.RateDomainModel: select ratedomain0_.RateID as RateID1_0_0_, ratedomain0_.MinCreditScore as MinCredi2_0_0_, ratedomain0_.InterestRate as Interest3_0_0_ from HAKEC.tblrate ratedomain0_ where ratedomain0_.RateID=?
14:28:04.631 [main] DEBUG o.h.internal.SessionFactoryRegistry - Initializing SessionFactoryRegistry : org.hibernate.internal.SessionFactoryRegistry@7d3e8655
14:28:04.637 [main] DEBUG o.h.internal.SessionFactoryRegistry - Registering SessionFactory: 4a4df9a4-37c3-42fc-9427-a2a623a52ec5 (&lt;unnamed&gt;)
14:28:04.637 [main] DEBUG o.h.internal.SessionFactoryRegistry - Not binding SessionFactory to JNDI, no JNDI name configured
14:28:04.637 [main] DEBUG o.h.internal.SessionFactoryImpl - Instantiated session factory
14:28:04.654 [main] INFO  o.h.tool.hbm2ddl.SchemaUpdate - HHH000228: Running hbm2ddl schema update
14:28:04.654 [main] INFO  o.h.tool.hbm2ddl.SchemaUpdate - HHH000102: Fetching database metadata
14:28:04.994 [main] INFO  o.h.tool.hbm2ddl.SchemaUpdate - HHH000396: Updating schema
14:28:04.994 [main] DEBUG org.hibernate.cfg.Configuration - Processing hbm.xml files
14:28:04.994 [main] DEBUG org.hibernate.cfg.Configuration - Process annotated classes
14:28:04.995 [main] DEBUG org.hibernate.cfg.Configuration - Processing fk mappings (*ToOne and JoinedSubclass)
14:28:04.995 [main] DEBUG org.hibernate.cfg.Configuration - Processing extends queue
14:28:04.995 [main] DEBUG org.hibernate.cfg.Configuration - Processing extends queue
14:28:04.995 [main] DEBUG org.hibernate.cfg.Configuration - Processing collection mappings
14:28:04.995 [main] DEBUG org.hibernate.cfg.Configuration - Processing native query and ResultSetMapping mappings
14:28:04.995 [main] DEBUG org.hibernate.cfg.Configuration - Processing association property references
14:28:04.995 [main] DEBUG org.hibernate.cfg.Configuration - Creating tables&apos; unique integer identifiers
14:28:04.995 [main] DEBUG org.hibernate.cfg.Configuration - Processing foreign key constraints
14:28:05.335 [main] INFO  o.h.tool.hbm2ddl.TableMetadata - HHH000261: Table found: HAKEC.TBLRATE
14:28:05.335 [main] INFO  o.h.tool.hbm2ddl.TableMetadata - HHH000037: Columns: [interestrate, mincreditscore, rateid]
14:28:05.336 [main] INFO  o.h.tool.hbm2ddl.TableMetadata - HHH000108: Foreign keys: []
14:28:05.336 [main] INFO  o.h.tool.hbm2ddl.TableMetadata - HHH000126: Indexes: []
14:28:05.337 [main] DEBUG o.h.i.f.i.DefaultIdentifierGeneratorFactory - Setting dialect [org.hibernate.dialect.Oracle10gDialect]
14:28:05.338 [main] INFO  o.h.tool.hbm2ddl.SchemaUpdate - HHH000232: Schema update complete
14:28:05.338 [main] DEBUG o.h.internal.SessionFactoryImpl - Checking 0 named HQL queries
14:28:05.339 [main] DEBUG o.h.internal.SessionFactoryImpl - Checking 0 named SQL queries
14:28:05.353 [main] DEBUG o.h.s.internal.StatisticsInitiator - Statistics initialized [enabled=false]
14:28:05.478 [main] DEBUG o.h.e.t.spi.AbstractTransactionImpl - begin
14:28:05.478 [main] DEBUG o.h.e.j.i.LogicalConnectionImpl - Obtaining JDBC connection
14:28:05.478 [main] DEBUG o.h.e.j.i.LogicalConnectionImpl - Obtained JDBC connection
14:28:05.479 [main] DEBUG o.h.e.t.i.jdbc.JdbcTransaction - initial autocommit status: false
14:28:05.584 [main] DEBUG o.h.h.i.ast.QueryTranslatorImpl - parse() - HQL: from domain.RateDomainModel where minCreditScore = :minCreditScore
14:28:05.606 [main] DEBUG o.h.h.i.ast.QueryTranslatorImpl - --- HQL AST ---
 \-[QUERY] Node: &apos;query&apos;
    +-[SELECT_FROM] Node: &apos;SELECT_FROM&apos;
    |  \-[FROM] Node: &apos;from&apos;
    |     \-[RANGE] Node: &apos;RANGE&apos;
    |        \-[DOT] Node: &apos;.&apos;
    |           +-[IDENT] Node: &apos;domain&apos;
    |           \-[IDENT] Node: &apos;RateDomainModel&apos;
    \-[WHERE] Node: &apos;where&apos;
       \-[EQ] Node: &apos;=&apos;
          +-[IDENT] Node: &apos;minCreditScore&apos;
          \-[COLON] Node: &apos;:&apos;
             \-[IDENT] Node: &apos;minCreditScore&apos;

14:28:05.606 [main] DEBUG o.h.hql.internal.ast.ErrorCounter - throwQueryException() : no errors
14:28:05.759 [main] DEBUG o.h.h.i.antlr.HqlSqlBaseWalker - select &lt;&lt; begin [level=1, statement=select]
14:28:05.799 [main] DEBUG o.h.h.internal.ast.tree.FromElement - FromClause{level=1} : domain.RateDomainModel (&lt;no alias&gt;) -&gt; ratedomain0_
14:28:05.810 [main] DEBUG o.h.h.i.antlr.HqlSqlBaseWalker - select : finishing up [level=1, statement=select]
14:28:05.811 [main] DEBUG o.h.hql.internal.ast.HqlSqlWalker - processQuery() :  ( SELECT ( FromClause{level=1} HAKEC.tblrate ratedomain0_ ) ( where ( = minCreditScore ? ) ) )
14:28:05.820 [main] DEBUG o.h.hql.internal.ast.HqlSqlWalker - Derived SELECT clause created.
14:28:05.831 [main] DEBUG o.h.h.i.ast.util.JoinProcessor - Using FROM fragment [HAKEC.tblrate ratedomain0_]
14:28:05.831 [main] DEBUG o.h.h.i.antlr.HqlSqlBaseWalker - select &gt;&gt; end [level=1, statement=select]
14:28:05.833 [main] DEBUG o.h.h.i.ast.QueryTranslatorImpl - --- SQL AST ---
 \-[SELECT] QueryNode: &apos;SELECT&apos;  querySpaces (HAKEC.tblrate)
    +-[SELECT_CLAUSE] SelectClause: &apos;{derived select clause}&apos;
    |  +-[SELECT_EXPR] SelectExpressionImpl: &apos;ratedomain0_.RateID as RateID1_0_&apos; {FromElement{explicit,not a collection join,not a fetch join,fetch non-lazy properties,classAlias=null,role=null,tableName=HAKEC.tblrate,tableAlias=ratedomain0_,origin=null,columns={,className=domain.RateDomainModel}}}
    |  \-[SQL_TOKEN] SqlFragment: &apos;ratedomain0_.MinCreditScore as MinCredi2_0_, ratedomain0_.InterestRate as Interest3_0_&apos;
    +-[FROM] FromClause: &apos;from&apos; FromClause{level=1, fromElementCounter=1, fromElements=1, fromElementByClassAlias=[], fromElementByTableAlias=[ratedomain0_], fromElementsByPath=[], collectionJoinFromElementsByPath=[], impliedElements=[]}
    |  \-[FROM_FRAGMENT] FromElement: &apos;HAKEC.tblrate ratedomain0_&apos; FromElement{explicit,not a collection join,not a fetch join,fetch non-lazy properties,classAlias=null,role=null,tableName=HAKEC.tblrate,tableAlias=ratedomain0_,origin=null,columns={,className=domain.RateDomainModel}}
    \-[WHERE] SqlNode: &apos;where&apos;
       \-[EQ] BinaryLogicOperatorNode: &apos;=&apos;
          +-[IDENT] IdentNode: &apos;minCreditScore&apos; {originalText=minCreditScore}
          \-[NAMED_PARAM] ParameterNode: &apos;?&apos; {name=minCreditScore, expectedType=null}

14:28:05.834 [main] DEBUG o.h.hql.internal.ast.ErrorCounter - throwQueryException() : no errors
14:28:05.854 [main] DEBUG o.h.h.i.ast.QueryTranslatorImpl - HQL: from domain.RateDomainModel where minCreditScore = :minCreditScore
14:28:05.854 [main] DEBUG o.h.h.i.ast.QueryTranslatorImpl - SQL: select ratedomain0_.RateID as RateID1_0_, ratedomain0_.MinCreditScore as MinCredi2_0_, ratedomain0_.InterestRate as Interest3_0_ from HAKEC.tblrate ratedomain0_ where minCreditScore=?
14:28:05.855 [main] DEBUG o.h.hql.internal.ast.ErrorCounter - throwQueryException() : no errors
14:28:06.003 [main] DEBUG org.hibernate.SQL - 
    select
        ratedomain0_.RateID as RateID1_0_,
        ratedomain0_.MinCreditScore as MinCredi2_0_,
        ratedomain0_.InterestRate as Interest3_0_ 
    from
        HAKEC.tblrate ratedomain0_ 
    where
        minCreditScore=?
Hibernate: 
    select
        ratedomain0_.RateID as RateID1_0_,
        ratedomain0_.MinCreditScore as MinCredi2_0_,
        ratedomain0_.InterestRate as Interest3_0_ 
    from
        HAKEC.tblrate ratedomain0_ 
    where
        minCreditScore=?
14:28:06.035 [main] DEBUG org.hibernate.loader.Loader - Result set row: 0
14:28:06.041 [main] DEBUG org.hibernate.loader.Loader - Result row: EntityKey[domain.RateDomainModel#3]
14:28:06.062 [main] DEBUG o.h.engine.internal.TwoPhaseLoad - Resolving associations for [domain.RateDomainModel#3]
14:28:06.069 [main] DEBUG o.h.engine.internal.TwoPhaseLoad - Done materializing entity [domain.RateDomainModel#3]
4.0
4.0
14:28:06.072 [main] DEBUG o.h.e.t.spi.AbstractTransactionImpl - committing
14:28:06.074 [main] DEBUG o.h.e.i.AbstractFlushingEventListener - Processing flush-time cascades
14:28:06.089 [main] DEBUG o.h.e.i.AbstractFlushingEventListener - Dirty checking collections
14:28:06.096 [main] DEBUG o.h.e.i.AbstractFlushingEventListener - Flushed: 0 insertions, 0 updates, 0 deletions to 1 objects
14:28:06.097 [main] DEBUG o.h.e.i.AbstractFlushingEventListener - Flushed: 0 (re)creations, 0 updates, 0 removals to 0 collections
14:28:06.101 [main] DEBUG o.h.internal.util.EntityPrinter - Listing entities:
14:28:06.115 [main] DEBUG o.h.internal.util.EntityPrinter - domain.RateDomainModel{RateID=3, MinCreditScore=700, InterestRate=4.0}
14:28:06.131 [main] DEBUG o.h.e.t.i.jdbc.JdbcTransaction - committed JDBC Connection
</system-out>
  </testcase>
  <testcase classname="UnitTests.Rate_Test" name="testDRATE" time="0.188">
    <error message="org.hibernate.Session.close()V" type="java.lang.NoSuchMethodError">java.lang.NoSuchMethodError: org.hibernate.Session.close()V
	at base.RateDAL.getRate(RateDAL.java:57)
	at ch.makery.address.model.Rate.getPayment(Rate.java:51)
	at UnitTests.Rate_Test.testDRATE(Rate_Test.java:32)
	at sun.reflect.NativeMethodAccessorImpl.invoke0(Native Method)
	at sun.reflect.NativeMethodAccessorImpl.invoke(NativeMethodAccessorImpl.java:62)
	at sun.reflect.DelegatingMethodAccessorImpl.invoke(DelegatingMethodAccessorImpl.java:43)
	at java.lang.reflect.Method.invoke(Method.java:497)
	at org.junit.runners.model.FrameworkMethod$1.runReflectiveCall(FrameworkMethod.java:47)
	at org.junit.internal.runners.model.ReflectiveCallable.run(ReflectiveCallable.java:12)
	at org.junit.runners.model.FrameworkMethod.invokeExplosively(FrameworkMethod.java:44)
	at org.junit.internal.runners.statements.InvokeMethod.evaluate(InvokeMethod.java:17)
	at org.junit.runners.ParentRunner.runLeaf(ParentRunner.java:271)
	at org.junit.runners.BlockJUnit4ClassRunner.runChild(BlockJUnit4ClassRunner.java:70)
	at org.junit.runners.BlockJUnit4ClassRunner.runChild(BlockJUnit4ClassRunner.java:50)
	at org.junit.runners.ParentRunner$3.run(ParentRunner.java:238)
	at org.junit.runners.ParentRunner$1.schedule(ParentRunner.java:63)
	at org.junit.runners.ParentRunner.runChildren(ParentRunner.java:236)
	at org.junit.runners.ParentRunner.access$000(ParentRunner.java:53)
	at org.junit.runners.ParentRunner$2.evaluate(ParentRunner.java:229)
	at org.junit.runners.ParentRunner.run(ParentRunner.java:309)
	at org.apache.maven.surefire.junit4.JUnit4Provider.execute(JUnit4Provider.java:252)
	at org.apache.maven.surefire.junit4.JUnit4Provider.executeTestSet(JUnit4Provider.java:141)
	at org.apache.maven.surefire.junit4.JUnit4Provider.invoke(JUnit4Provider.java:112)
	at sun.reflect.NativeMethodAccessorImpl.invoke0(Native Method)
	at sun.reflect.NativeMethodAccessorImpl.invoke(NativeMethodAccessorImpl.java:62)
	at sun.reflect.DelegatingMethodAccessorImpl.invoke(DelegatingMethodAccessorImpl.java:43)
	at java.lang.reflect.Method.invoke(Method.java:497)
	at org.apache.maven.surefire.util.ReflectionUtils.invokeMethodWithArray(ReflectionUtils.java:189)
	at org.apache.maven.surefire.booter.ProviderFactory$ProviderProxy.invoke(ProviderFactory.java:165)
	at org.apache.maven.surefire.booter.ProviderFactory.invokeProvider(ProviderFactory.java:85)
	at org.apache.maven.surefire.booter.ForkedBooter.runSuitesInProcess(ForkedBooter.java:115)
	at org.apache.maven.surefire.booter.ForkedBooter.main(ForkedBooter.java:75)
</error>
    <system-out>14:28:06.143 [main] DEBUG o.h.e.t.spi.AbstractTransactionImpl - begin
14:28:06.143 [main] DEBUG o.h.e.j.i.LogicalConnectionImpl - Obtaining JDBC connection
14:28:06.143 [main] DEBUG o.h.s.j.c.i.DriverManagerConnectionProviderImpl - Opening new JDBC connection
14:28:06.312 [main] DEBUG o.h.s.j.c.i.DriverManagerConnectionProviderImpl - Created connection to: jdbc:oracle:thin:@cisc181.ci3wacsy5j84.us-east-1.rds.amazonaws.com:1521:ORCL, Isolation Level: 2
14:28:06.312 [main] DEBUG o.h.e.j.i.LogicalConnectionImpl - Obtained JDBC connection
14:28:06.313 [main] DEBUG o.h.e.t.i.jdbc.JdbcTransaction - initial autocommit status: false
14:28:06.314 [main] DEBUG org.hibernate.SQL - 
    select
        ratedomain0_.RateID as RateID1_0_,
        ratedomain0_.MinCreditScore as MinCredi2_0_,
        ratedomain0_.InterestRate as Interest3_0_ 
    from
        HAKEC.tblrate ratedomain0_ 
    where
        minCreditScore=?
Hibernate: 
    select
        ratedomain0_.RateID as RateID1_0_,
        ratedomain0_.MinCreditScore as MinCredi2_0_,
        ratedomain0_.InterestRate as Interest3_0_ 
    from
        HAKEC.tblrate ratedomain0_ 
    where
        minCreditScore=?
14:28:06.332 [main] DEBUG org.hibernate.loader.Loader - Result set row: 0
14:28:06.332 [main] DEBUG org.hibernate.loader.Loader - Result row: EntityKey[domain.RateDomainModel#1]
14:28:06.333 [main] DEBUG o.h.engine.internal.TwoPhaseLoad - Resolving associations for [domain.RateDomainModel#1]
14:28:06.333 [main] DEBUG o.h.engine.internal.TwoPhaseLoad - Done materializing entity [domain.RateDomainModel#1]
5.0
5.0
14:28:06.334 [main] DEBUG o.h.e.t.spi.AbstractTransactionImpl - committing
14:28:06.334 [main] DEBUG o.h.e.i.AbstractFlushingEventListener - Processing flush-time cascades
14:28:06.334 [main] DEBUG o.h.e.i.AbstractFlushingEventListener - Dirty checking collections
14:28:06.335 [main] DEBUG o.h.e.i.AbstractFlushingEventListener - Flushed: 0 insertions, 0 updates, 0 deletions to 1 objects
14:28:06.335 [main] DEBUG o.h.e.i.AbstractFlushingEventListener - Flushed: 0 (re)creations, 0 updates, 0 removals to 0 collections
14:28:06.335 [main] DEBUG o.h.internal.util.EntityPrinter - Listing entities:
14:28:06.335 [main] DEBUG o.h.internal.util.EntityPrinter - domain.RateDomainModel{RateID=1, MinCreditScore=600, InterestRate=5.0}
14:28:06.351 [main] DEBUG o.h.e.t.i.jdbc.JdbcTransaction - committed JDBC Connection
</system-out>
  </testcase>
  <testcase classname="UnitTests.Rate_Test" name="testFull" time="0.218">
    <error message="org.hibernate.Session.close()V" type="java.lang.NoSuchMethodError">java.lang.NoSuchMethodError: org.hibernate.Session.close()V
	at base.RateDAL.getRate(RateDAL.java:57)
	at ch.makery.address.model.Rate.getPayment(Rate.java:51)
	at UnitTests.Rate_Test.testFull(Rate_Test.java:39)
	at sun.reflect.NativeMethodAccessorImpl.invoke0(Native Method)
	at sun.reflect.NativeMethodAccessorImpl.invoke(NativeMethodAccessorImpl.java:62)
	at sun.reflect.DelegatingMethodAccessorImpl.invoke(DelegatingMethodAccessorImpl.java:43)
	at java.lang.reflect.Method.invoke(Method.java:497)
	at org.junit.runners.model.FrameworkMethod$1.runReflectiveCall(FrameworkMethod.java:47)
	at org.junit.internal.runners.model.ReflectiveCallable.run(ReflectiveCallable.java:12)
	at org.junit.runners.model.FrameworkMethod.invokeExplosively(FrameworkMethod.java:44)
	at org.junit.internal.runners.statements.InvokeMethod.evaluate(InvokeMethod.java:17)
	at org.junit.runners.ParentRunner.runLeaf(ParentRunner.java:271)
	at org.junit.runners.BlockJUnit4ClassRunner.runChild(BlockJUnit4ClassRunner.java:70)
	at org.junit.runners.BlockJUnit4ClassRunner.runChild(BlockJUnit4ClassRunner.java:50)
	at org.junit.runners.ParentRunner$3.run(ParentRunner.java:238)
	at org.junit.runners.ParentRunner$1.schedule(ParentRunner.java:63)
	at org.junit.runners.ParentRunner.runChildren(ParentRunner.java:236)
	at org.junit.runners.ParentRunner.access$000(ParentRunner.java:53)
	at org.junit.runners.ParentRunner$2.evaluate(ParentRunner.java:229)
	at org.junit.runners.ParentRunner.run(ParentRunner.java:309)
	at org.apache.maven.surefire.junit4.JUnit4Provider.execute(JUnit4Provider.java:252)
	at org.apache.maven.surefire.junit4.JUnit4Provider.executeTestSet(JUnit4Provider.java:141)
	at org.apache.maven.surefire.junit4.JUnit4Provider.invoke(JUnit4Provider.java:112)
	at sun.reflect.NativeMethodAccessorImpl.invoke0(Native Method)
	at sun.reflect.NativeMethodAccessorImpl.invoke(NativeMethodAccessorImpl.java:62)
	at sun.reflect.DelegatingMethodAccessorImpl.invoke(DelegatingMethodAccessorImpl.java:43)
	at java.lang.reflect.Method.invoke(Method.java:497)
	at org.apache.maven.surefire.util.ReflectionUtils.invokeMethodWithArray(ReflectionUtils.java:189)
	at org.apache.maven.surefire.booter.ProviderFactory$ProviderProxy.invoke(ProviderFactory.java:165)
	at org.apache.maven.surefire.booter.ProviderFactory.invokeProvider(ProviderFactory.java:85)
	at org.apache.maven.surefire.booter.ForkedBooter.runSuitesInProcess(ForkedBooter.java:115)
	at org.apache.maven.surefire.booter.ForkedBooter.main(ForkedBooter.java:75)
</error>
    <system-out>14:28:06.354 [main] DEBUG o.h.e.t.spi.AbstractTransactionImpl - begin
14:28:06.354 [main] DEBUG o.h.e.j.i.LogicalConnectionImpl - Obtaining JDBC connection
14:28:06.354 [main] DEBUG o.h.s.j.c.i.DriverManagerConnectionProviderImpl - Opening new JDBC connection
14:28:06.531 [main] DEBUG o.h.s.j.c.i.DriverManagerConnectionProviderImpl - Created connection to: jdbc:oracle:thin:@cisc181.ci3wacsy5j84.us-east-1.rds.amazonaws.com:1521:ORCL, Isolation Level: 2
14:28:06.531 [main] DEBUG o.h.e.j.i.LogicalConnectionImpl - Obtained JDBC connection
14:28:06.532 [main] DEBUG o.h.e.t.i.jdbc.JdbcTransaction - initial autocommit status: false
14:28:06.532 [main] DEBUG org.hibernate.SQL - 
    select
        ratedomain0_.RateID as RateID1_0_,
        ratedomain0_.MinCreditScore as MinCredi2_0_,
        ratedomain0_.InterestRate as Interest3_0_ 
    from
        HAKEC.tblrate ratedomain0_ 
    where
        minCreditScore=?
Hibernate: 
    select
        ratedomain0_.RateID as RateID1_0_,
        ratedomain0_.MinCreditScore as MinCredi2_0_,
        ratedomain0_.InterestRate as Interest3_0_ 
    from
        HAKEC.tblrate ratedomain0_ 
    where
        minCreditScore=?
14:28:06.552 [main] DEBUG org.hibernate.loader.Loader - Result set row: 0
14:28:06.552 [main] DEBUG org.hibernate.loader.Loader - Result row: EntityKey[domain.RateDomainModel#1]
14:28:06.553 [main] DEBUG o.h.engine.internal.TwoPhaseLoad - Resolving associations for [domain.RateDomainModel#1]
14:28:06.553 [main] DEBUG o.h.engine.internal.TwoPhaseLoad - Done materializing entity [domain.RateDomainModel#1]
5.0
5.0
14:28:06.554 [main] DEBUG o.h.e.t.spi.AbstractTransactionImpl - committing
14:28:06.554 [main] DEBUG o.h.e.i.AbstractFlushingEventListener - Processing flush-time cascades
14:28:06.554 [main] DEBUG o.h.e.i.AbstractFlushingEventListener - Dirty checking collections
14:28:06.555 [main] DEBUG o.h.e.i.AbstractFlushingEventListener - Flushed: 0 insertions, 0 updates, 0 deletions to 1 objects
14:28:06.555 [main] DEBUG o.h.e.i.AbstractFlushingEventListener - Flushed: 0 (re)creations, 0 updates, 0 removals to 0 collections
14:28:06.555 [main] DEBUG o.h.internal.util.EntityPrinter - Listing entities:
14:28:06.555 [main] DEBUG o.h.internal.util.EntityPrinter - domain.RateDomainModel{RateID=1, MinCreditScore=600, InterestRate=5.0}
14:28:06.571 [main] DEBUG o.h.e.t.i.jdbc.JdbcTransaction - committed JDBC Connection
</system-out>
  </testcase>
  <testcase classname="UnitTests.Rate_Test" name="test" time="0.213">
    <error message="org.hibernate.Session.close()V" type="java.lang.NoSuchMethodError">java.lang.NoSuchMethodError: org.hibernate.Session.close()V
	at base.RateDAL.getRate(RateDAL.java:57)
	at ch.makery.address.model.Rate.getPayment(Rate.java:51)
	at UnitTests.Rate_Test.test(Rate_Test.java:17)
	at sun.reflect.NativeMethodAccessorImpl.invoke0(Native Method)
	at sun.reflect.NativeMethodAccessorImpl.invoke(NativeMethodAccessorImpl.java:62)
	at sun.reflect.DelegatingMethodAccessorImpl.invoke(DelegatingMethodAccessorImpl.java:43)
	at java.lang.reflect.Method.invoke(Method.java:497)
	at org.junit.runners.model.FrameworkMethod$1.runReflectiveCall(FrameworkMethod.java:47)
	at org.junit.internal.runners.model.ReflectiveCallable.run(ReflectiveCallable.java:12)
	at org.junit.runners.model.FrameworkMethod.invokeExplosively(FrameworkMethod.java:44)
	at org.junit.internal.runners.statements.InvokeMethod.evaluate(InvokeMethod.java:17)
	at org.junit.runners.ParentRunner.runLeaf(ParentRunner.java:271)
	at org.junit.runners.BlockJUnit4ClassRunner.runChild(BlockJUnit4ClassRunner.java:70)
	at org.junit.runners.BlockJUnit4ClassRunner.runChild(BlockJUnit4ClassRunner.java:50)
	at org.junit.runners.ParentRunner$3.run(ParentRunner.java:238)
	at org.junit.runners.ParentRunner$1.schedule(ParentRunner.java:63)
	at org.junit.runners.ParentRunner.runChildren(ParentRunner.java:236)
	at org.junit.runners.ParentRunner.access$000(ParentRunner.java:53)
	at org.junit.runners.ParentRunner$2.evaluate(ParentRunner.java:229)
	at org.junit.runners.ParentRunner.run(ParentRunner.java:309)
	at org.apache.maven.surefire.junit4.JUnit4Provider.execute(JUnit4Provider.java:252)
	at org.apache.maven.surefire.junit4.JUnit4Provider.executeTestSet(JUnit4Provider.java:141)
	at org.apache.maven.surefire.junit4.JUnit4Provider.invoke(JUnit4Provider.java:112)
	at sun.reflect.NativeMethodAccessorImpl.invoke0(Native Method)
	at sun.reflect.NativeMethodAccessorImpl.invoke(NativeMethodAccessorImpl.java:62)
	at sun.reflect.DelegatingMethodAccessorImpl.invoke(DelegatingMethodAccessorImpl.java:43)
	at java.lang.reflect.Method.invoke(Method.java:497)
	at org.apache.maven.surefire.util.ReflectionUtils.invokeMethodWithArray(ReflectionUtils.java:189)
	at org.apache.maven.surefire.booter.ProviderFactory$ProviderProxy.invoke(ProviderFactory.java:165)
	at org.apache.maven.surefire.booter.ProviderFactory.invokeProvider(ProviderFactory.java:85)
	at org.apache.maven.surefire.booter.ForkedBooter.runSuitesInProcess(ForkedBooter.java:115)
	at org.apache.maven.surefire.booter.ForkedBooter.main(ForkedBooter.java:75)
</error>
    <system-out>14:28:06.574 [main] DEBUG o.h.e.t.spi.AbstractTransactionImpl - begin
14:28:06.574 [main] DEBUG o.h.e.j.i.LogicalConnectionImpl - Obtaining JDBC connection
14:28:06.574 [main] DEBUG o.h.s.j.c.i.DriverManagerConnectionProviderImpl - Opening new JDBC connection
14:28:06.749 [main] DEBUG o.h.s.j.c.i.DriverManagerConnectionProviderImpl - Created connection to: jdbc:oracle:thin:@cisc181.ci3wacsy5j84.us-east-1.rds.amazonaws.com:1521:ORCL, Isolation Level: 2
14:28:06.749 [main] DEBUG o.h.e.j.i.LogicalConnectionImpl - Obtained JDBC connection
14:28:06.749 [main] DEBUG o.h.e.t.i.jdbc.JdbcTransaction - initial autocommit status: false
14:28:06.750 [main] DEBUG org.hibernate.SQL - 
    select
        ratedomain0_.RateID as RateID1_0_,
        ratedomain0_.MinCreditScore as MinCredi2_0_,
        ratedomain0_.InterestRate as Interest3_0_ 
    from
        HAKEC.tblrate ratedomain0_ 
    where
        minCreditScore=?
Hibernate: 
    select
        ratedomain0_.RateID as RateID1_0_,
        ratedomain0_.MinCreditScore as MinCredi2_0_,
        ratedomain0_.InterestRate as Interest3_0_ 
    from
        HAKEC.tblrate ratedomain0_ 
    where
        minCreditScore=?
14:28:06.767 [main] DEBUG org.hibernate.loader.Loader - Result set row: 0
14:28:06.768 [main] DEBUG org.hibernate.loader.Loader - Result row: EntityKey[domain.RateDomainModel#3]
14:28:06.768 [main] DEBUG o.h.engine.internal.TwoPhaseLoad - Resolving associations for [domain.RateDomainModel#3]
14:28:06.769 [main] DEBUG o.h.engine.internal.TwoPhaseLoad - Done materializing entity [domain.RateDomainModel#3]
4.0
4.0
14:28:06.769 [main] DEBUG o.h.e.t.spi.AbstractTransactionImpl - committing
14:28:06.770 [main] DEBUG o.h.e.i.AbstractFlushingEventListener - Processing flush-time cascades
14:28:06.770 [main] DEBUG o.h.e.i.AbstractFlushingEventListener - Dirty checking collections
14:28:06.770 [main] DEBUG o.h.e.i.AbstractFlushingEventListener - Flushed: 0 insertions, 0 updates, 0 deletions to 1 objects
14:28:06.770 [main] DEBUG o.h.e.i.AbstractFlushingEventListener - Flushed: 0 (re)creations, 0 updates, 0 removals to 0 collections
14:28:06.771 [main] DEBUG o.h.internal.util.EntityPrinter - Listing entities:
14:28:06.771 [main] DEBUG o.h.internal.util.EntityPrinter - domain.RateDomainModel{RateID=3, MinCreditScore=700, InterestRate=4.0}
14:28:06.785 [main] DEBUG o.h.e.t.i.jdbc.JdbcTransaction - committed JDBC Connection
</system-out>
  </testcase>
</testsuite>